0 info it worked if it ends with ok
1 verbose cli [ 'node', '/usr/local/bin/npm', 'install' ]
2 info using npm@1.4.28
3 info using node@v0.10.32
4 warn package.json evernote-voice@1.0.0 No repository field.
5 warn package.json evernote-voice@1.0.0 No README data
6 verbose readDependencies using package.json deps
7 verbose install where, deps [ '/Users/Abdullah-Mac/blocprojects/evernote',
7 verbose install   [ 'gulp',
7 verbose install     'gulp-sass',
7 verbose install     'gulp-concat',
7 verbose install     'gulp-minify-css',
7 verbose install     'gulp-rename',
7 verbose install     'bower',
7 verbose install     'gulp-util',
7 verbose install     'shelljs' ] ]
8 info preinstall evernote-voice@1.0.0
9 verbose readDependencies using package.json deps
10 verbose cache add [ 'gulp-sass@^0.7.1', null ]
11 verbose cache add name=undefined spec="gulp-sass@^0.7.1" args=["gulp-sass@^0.7.1",null]
12 verbose parsed url { protocol: null,
12 verbose parsed url   slashes: null,
12 verbose parsed url   auth: null,
12 verbose parsed url   host: null,
12 verbose parsed url   port: null,
12 verbose parsed url   hostname: null,
12 verbose parsed url   hash: null,
12 verbose parsed url   search: null,
12 verbose parsed url   query: null,
12 verbose parsed url   pathname: 'gulp-sass@^0.7.1',
12 verbose parsed url   path: 'gulp-sass@^0.7.1',
12 verbose parsed url   href: 'gulp-sass@^0.7.1' }
13 verbose cache add [ 'gulp-concat@^2.2.0', null ]
14 verbose cache add name=undefined spec="gulp-concat@^2.2.0" args=["gulp-concat@^2.2.0",null]
15 verbose parsed url { protocol: null,
15 verbose parsed url   slashes: null,
15 verbose parsed url   auth: null,
15 verbose parsed url   host: null,
15 verbose parsed url   port: null,
15 verbose parsed url   hostname: null,
15 verbose parsed url   hash: null,
15 verbose parsed url   search: null,
15 verbose parsed url   query: null,
15 verbose parsed url   pathname: 'gulp-concat@^2.2.0',
15 verbose parsed url   path: 'gulp-concat@^2.2.0',
15 verbose parsed url   href: 'gulp-concat@^2.2.0' }
16 verbose cache add [ 'gulp-minify-css@^0.3.0', null ]
17 verbose cache add name=undefined spec="gulp-minify-css@^0.3.0" args=["gulp-minify-css@^0.3.0",null]
18 verbose parsed url { protocol: null,
18 verbose parsed url   slashes: null,
18 verbose parsed url   auth: null,
18 verbose parsed url   host: null,
18 verbose parsed url   port: null,
18 verbose parsed url   hostname: null,
18 verbose parsed url   hash: null,
18 verbose parsed url   search: null,
18 verbose parsed url   query: null,
18 verbose parsed url   pathname: 'gulp-minify-css@^0.3.0',
18 verbose parsed url   path: 'gulp-minify-css@^0.3.0',
18 verbose parsed url   href: 'gulp-minify-css@^0.3.0' }
19 verbose cache add [ 'gulp-rename@^1.2.0', null ]
20 verbose cache add name=undefined spec="gulp-rename@^1.2.0" args=["gulp-rename@^1.2.0",null]
21 verbose parsed url { protocol: null,
21 verbose parsed url   slashes: null,
21 verbose parsed url   auth: null,
21 verbose parsed url   host: null,
21 verbose parsed url   port: null,
21 verbose parsed url   hostname: null,
21 verbose parsed url   hash: null,
21 verbose parsed url   search: null,
21 verbose parsed url   query: null,
21 verbose parsed url   pathname: 'gulp-rename@^1.2.0',
21 verbose parsed url   path: 'gulp-rename@^1.2.0',
21 verbose parsed url   href: 'gulp-rename@^1.2.0' }
22 verbose cache add [ 'bower@^1.3.3', null ]
23 verbose cache add name=undefined spec="bower@^1.3.3" args=["bower@^1.3.3",null]
24 verbose parsed url { protocol: null,
24 verbose parsed url   slashes: null,
24 verbose parsed url   auth: null,
24 verbose parsed url   host: null,
24 verbose parsed url   port: null,
24 verbose parsed url   hostname: null,
24 verbose parsed url   hash: null,
24 verbose parsed url   search: null,
24 verbose parsed url   query: null,
24 verbose parsed url   pathname: 'bower@^1.3.3',
24 verbose parsed url   path: 'bower@^1.3.3',
24 verbose parsed url   href: 'bower@^1.3.3' }
25 verbose cache add [ 'gulp-util@^2.2.14', null ]
26 verbose cache add name=undefined spec="gulp-util@^2.2.14" args=["gulp-util@^2.2.14",null]
27 verbose parsed url { protocol: null,
27 verbose parsed url   slashes: null,
27 verbose parsed url   auth: null,
27 verbose parsed url   host: null,
27 verbose parsed url   port: null,
27 verbose parsed url   hostname: null,
27 verbose parsed url   hash: null,
27 verbose parsed url   search: null,
27 verbose parsed url   query: null,
27 verbose parsed url   pathname: 'gulp-util@^2.2.14',
27 verbose parsed url   path: 'gulp-util@^2.2.14',
27 verbose parsed url   href: 'gulp-util@^2.2.14' }
28 verbose cache add name="gulp-sass" spec="^0.7.1" args=["gulp-sass","^0.7.1"]
29 verbose parsed url { protocol: null,
29 verbose parsed url   slashes: null,
29 verbose parsed url   auth: null,
29 verbose parsed url   host: null,
29 verbose parsed url   port: null,
29 verbose parsed url   hostname: null,
29 verbose parsed url   hash: null,
29 verbose parsed url   search: null,
29 verbose parsed url   query: null,
29 verbose parsed url   pathname: '^0.7.1',
29 verbose parsed url   path: '^0.7.1',
29 verbose parsed url   href: '^0.7.1' }
30 verbose addNamed [ 'gulp-sass', '^0.7.1' ]
31 verbose addNamed [ null, '>=0.7.1-0 <0.8.0-0' ]
32 verbose cache add name="gulp-concat" spec="^2.2.0" args=["gulp-concat","^2.2.0"]
33 verbose parsed url { protocol: null,
33 verbose parsed url   slashes: null,
33 verbose parsed url   auth: null,
33 verbose parsed url   host: null,
33 verbose parsed url   port: null,
33 verbose parsed url   hostname: null,
33 verbose parsed url   hash: null,
33 verbose parsed url   search: null,
33 verbose parsed url   query: null,
33 verbose parsed url   pathname: '^2.2.0',
33 verbose parsed url   path: '^2.2.0',
33 verbose parsed url   href: '^2.2.0' }
34 verbose addNamed [ 'gulp-concat', '^2.2.0' ]
35 verbose addNamed [ null, '>=2.2.0-0 <3.0.0-0' ]
36 verbose cache add name="gulp-minify-css" spec="^0.3.0" args=["gulp-minify-css","^0.3.0"]
37 verbose parsed url { protocol: null,
37 verbose parsed url   slashes: null,
37 verbose parsed url   auth: null,
37 verbose parsed url   host: null,
37 verbose parsed url   port: null,
37 verbose parsed url   hostname: null,
37 verbose parsed url   hash: null,
37 verbose parsed url   search: null,
37 verbose parsed url   query: null,
37 verbose parsed url   pathname: '^0.3.0',
37 verbose parsed url   path: '^0.3.0',
37 verbose parsed url   href: '^0.3.0' }
38 verbose addNamed [ 'gulp-minify-css', '^0.3.0' ]
39 verbose addNamed [ null, '>=0.3.0-0 <0.4.0-0' ]
40 verbose cache add name="gulp-rename" spec="^1.2.0" args=["gulp-rename","^1.2.0"]
41 verbose parsed url { protocol: null,
41 verbose parsed url   slashes: null,
41 verbose parsed url   auth: null,
41 verbose parsed url   host: null,
41 verbose parsed url   port: null,
41 verbose parsed url   hostname: null,
41 verbose parsed url   hash: null,
41 verbose parsed url   search: null,
41 verbose parsed url   query: null,
41 verbose parsed url   pathname: '^1.2.0',
41 verbose parsed url   path: '^1.2.0',
41 verbose parsed url   href: '^1.2.0' }
42 verbose addNamed [ 'gulp-rename', '^1.2.0' ]
43 verbose addNamed [ null, '>=1.2.0-0 <2.0.0-0' ]
44 verbose cache add name="bower" spec="^1.3.3" args=["bower","^1.3.3"]
45 verbose parsed url { protocol: null,
45 verbose parsed url   slashes: null,
45 verbose parsed url   auth: null,
45 verbose parsed url   host: null,
45 verbose parsed url   port: null,
45 verbose parsed url   hostname: null,
45 verbose parsed url   hash: null,
45 verbose parsed url   search: null,
45 verbose parsed url   query: null,
45 verbose parsed url   pathname: '^1.3.3',
45 verbose parsed url   path: '^1.3.3',
45 verbose parsed url   href: '^1.3.3' }
46 verbose addNamed [ 'bower', '^1.3.3' ]
47 verbose addNamed [ null, '>=1.3.3-0 <2.0.0-0' ]
48 verbose cache add name="gulp-util" spec="^2.2.14" args=["gulp-util","^2.2.14"]
49 verbose parsed url { protocol: null,
49 verbose parsed url   slashes: null,
49 verbose parsed url   auth: null,
49 verbose parsed url   host: null,
49 verbose parsed url   port: null,
49 verbose parsed url   hostname: null,
49 verbose parsed url   hash: null,
49 verbose parsed url   search: null,
49 verbose parsed url   query: null,
49 verbose parsed url   pathname: '^2.2.14',
49 verbose parsed url   path: '^2.2.14',
49 verbose parsed url   href: '^2.2.14' }
50 verbose addNamed [ 'gulp-util', '^2.2.14' ]
51 verbose addNamed [ null, '>=2.2.14-0 <3.0.0-0' ]
52 verbose cache add [ 'shelljs@^0.3.0', null ]
53 verbose cache add name=undefined spec="shelljs@^0.3.0" args=["shelljs@^0.3.0",null]
54 verbose parsed url { protocol: null,
54 verbose parsed url   slashes: null,
54 verbose parsed url   auth: null,
54 verbose parsed url   host: null,
54 verbose parsed url   port: null,
54 verbose parsed url   hostname: null,
54 verbose parsed url   hash: null,
54 verbose parsed url   search: null,
54 verbose parsed url   query: null,
54 verbose parsed url   pathname: 'shelljs@^0.3.0',
54 verbose parsed url   path: 'shelljs@^0.3.0',
54 verbose parsed url   href: 'shelljs@^0.3.0' }
55 verbose cache add [ 'gulp@^3.5.6', null ]
56 verbose cache add name=undefined spec="gulp@^3.5.6" args=["gulp@^3.5.6",null]
57 verbose parsed url { protocol: null,
57 verbose parsed url   slashes: null,
57 verbose parsed url   auth: null,
57 verbose parsed url   host: null,
57 verbose parsed url   port: null,
57 verbose parsed url   hostname: null,
57 verbose parsed url   hash: null,
57 verbose parsed url   search: null,
57 verbose parsed url   query: null,
57 verbose parsed url   pathname: 'gulp@^3.5.6',
57 verbose parsed url   path: 'gulp@^3.5.6',
57 verbose parsed url   href: 'gulp@^3.5.6' }
58 silly lockFile 77100620-gulp-sass-0-7-1 gulp-sass@^0.7.1
59 verbose lock gulp-sass@^0.7.1 /Users/Abdullah-Mac/.npm/77100620-gulp-sass-0-7-1.lock
60 silly lockFile bade1119-gulp-concat-2-2-0 gulp-concat@^2.2.0
61 verbose lock gulp-concat@^2.2.0 /Users/Abdullah-Mac/.npm/bade1119-gulp-concat-2-2-0.lock
62 silly lockFile 97140670-gulp-minify-css-0-3-0 gulp-minify-css@^0.3.0
63 verbose lock gulp-minify-css@^0.3.0 /Users/Abdullah-Mac/.npm/97140670-gulp-minify-css-0-3-0.lock
64 silly lockFile 31cef36d-gulp-rename-1-2-0 gulp-rename@^1.2.0
65 verbose lock gulp-rename@^1.2.0 /Users/Abdullah-Mac/.npm/31cef36d-gulp-rename-1-2-0.lock
66 silly lockFile 0aa5c27e-bower-1-3-3 bower@^1.3.3
67 verbose lock bower@^1.3.3 /Users/Abdullah-Mac/.npm/0aa5c27e-bower-1-3-3.lock
68 silly lockFile e3e5f16b-gulp-util-2-2-14 gulp-util@^2.2.14
69 verbose lock gulp-util@^2.2.14 /Users/Abdullah-Mac/.npm/e3e5f16b-gulp-util-2-2-14.lock
70 verbose cache add name="shelljs" spec="^0.3.0" args=["shelljs","^0.3.0"]
71 verbose parsed url { protocol: null,
71 verbose parsed url   slashes: null,
71 verbose parsed url   auth: null,
71 verbose parsed url   host: null,
71 verbose parsed url   port: null,
71 verbose parsed url   hostname: null,
71 verbose parsed url   hash: null,
71 verbose parsed url   search: null,
71 verbose parsed url   query: null,
71 verbose parsed url   pathname: '^0.3.0',
71 verbose parsed url   path: '^0.3.0',
71 verbose parsed url   href: '^0.3.0' }
72 verbose addNamed [ 'shelljs', '^0.3.0' ]
73 verbose addNamed [ null, '>=0.3.0-0 <0.4.0-0' ]
74 silly lockFile 1ddaa962-shelljs-0-3-0 shelljs@^0.3.0
75 verbose lock shelljs@^0.3.0 /Users/Abdullah-Mac/.npm/1ddaa962-shelljs-0-3-0.lock
76 verbose cache add name="gulp" spec="^3.5.6" args=["gulp","^3.5.6"]
77 verbose parsed url { protocol: null,
77 verbose parsed url   slashes: null,
77 verbose parsed url   auth: null,
77 verbose parsed url   host: null,
77 verbose parsed url   port: null,
77 verbose parsed url   hostname: null,
77 verbose parsed url   hash: null,
77 verbose parsed url   search: null,
77 verbose parsed url   query: null,
77 verbose parsed url   pathname: '^3.5.6',
77 verbose parsed url   path: '^3.5.6',
77 verbose parsed url   href: '^3.5.6' }
78 verbose addNamed [ 'gulp', '^3.5.6' ]
79 verbose addNamed [ null, '>=3.5.6-0 <4.0.0-0' ]
80 silly lockFile 28ac0b1b-gulp-3-5-6 gulp@^3.5.6
81 verbose lock gulp@^3.5.6 /Users/Abdullah-Mac/.npm/28ac0b1b-gulp-3-5-6.lock
82 silly addNameRange { name: 'gulp-sass',
82 silly addNameRange   range: '>=0.7.1-0 <0.8.0-0',
82 silly addNameRange   hasData: false }
83 silly addNameRange { name: 'gulp-concat',
83 silly addNameRange   range: '>=2.2.0-0 <3.0.0-0',
83 silly addNameRange   hasData: false }
84 silly addNameRange { name: 'gulp-minify-css',
84 silly addNameRange   range: '>=0.3.0-0 <0.4.0-0',
84 silly addNameRange   hasData: false }
85 silly addNameRange { name: 'gulp-rename',
85 silly addNameRange   range: '>=1.2.0-0 <2.0.0-0',
85 silly addNameRange   hasData: false }
86 silly addNameRange { name: 'bower', range: '>=1.3.3-0 <2.0.0-0', hasData: false }
87 silly addNameRange { name: 'gulp-util',
87 silly addNameRange   range: '>=2.2.14-0 <3.0.0-0',
87 silly addNameRange   hasData: false }
88 silly addNameRange { name: 'shelljs', range: '>=0.3.0-0 <0.4.0-0', hasData: false }
89 silly addNameRange { name: 'gulp', range: '>=3.5.6-0 <4.0.0-0', hasData: false }
90 verbose request where is /gulp-sass
91 verbose request registry https://registry.npmjs.org/
92 verbose request id d763a0d857d70cf4
93 verbose url raw /gulp-sass
94 verbose url resolving [ 'https://registry.npmjs.org/', './gulp-sass' ]
95 verbose url resolved https://registry.npmjs.org/gulp-sass
96 verbose request where is https://registry.npmjs.org/gulp-sass
97 info trying registry request attempt 1 at 20:41:06
98 http GET https://registry.npmjs.org/gulp-sass
99 verbose request where is /gulp-concat
100 verbose request registry https://registry.npmjs.org/
101 verbose url raw /gulp-concat
102 verbose url resolving [ 'https://registry.npmjs.org/', './gulp-concat' ]
103 verbose url resolved https://registry.npmjs.org/gulp-concat
104 verbose request where is https://registry.npmjs.org/gulp-concat
105 info trying registry request attempt 1 at 20:41:06
106 http GET https://registry.npmjs.org/gulp-concat
107 verbose request where is /gulp-minify-css
108 verbose request registry https://registry.npmjs.org/
109 verbose url raw /gulp-minify-css
110 verbose url resolving [ 'https://registry.npmjs.org/', './gulp-minify-css' ]
111 verbose url resolved https://registry.npmjs.org/gulp-minify-css
112 verbose request where is https://registry.npmjs.org/gulp-minify-css
113 info trying registry request attempt 1 at 20:41:06
114 http GET https://registry.npmjs.org/gulp-minify-css
115 verbose request where is /bower
116 verbose request registry https://registry.npmjs.org/
117 verbose url raw /bower
118 verbose url resolving [ 'https://registry.npmjs.org/', './bower' ]
119 verbose url resolved https://registry.npmjs.org/bower
120 verbose request where is https://registry.npmjs.org/bower
121 info trying registry request attempt 1 at 20:41:06
122 verbose etag "5IH3YVKIZ3VMGKRZP2FHQWVQM"
123 http GET https://registry.npmjs.org/bower
124 verbose request where is /gulp-util
125 verbose request registry https://registry.npmjs.org/
126 verbose url raw /gulp-util
127 verbose url resolving [ 'https://registry.npmjs.org/', './gulp-util' ]
128 verbose url resolved https://registry.npmjs.org/gulp-util
129 verbose request where is https://registry.npmjs.org/gulp-util
130 info trying registry request attempt 1 at 20:41:06
131 verbose etag "BWVXNFQOLF7CGGWPCZRULVW24"
132 http GET https://registry.npmjs.org/gulp-util
133 verbose request where is /shelljs
134 verbose request registry https://registry.npmjs.org/
135 verbose url raw /shelljs
136 verbose url resolving [ 'https://registry.npmjs.org/', './shelljs' ]
137 verbose url resolved https://registry.npmjs.org/shelljs
138 verbose request where is https://registry.npmjs.org/shelljs
139 info trying registry request attempt 1 at 20:41:06
140 verbose etag "A7TEJ5SCS0T97HWFRMQJ8O7R2"
141 http GET https://registry.npmjs.org/shelljs
142 verbose request where is /gulp
143 verbose request registry https://registry.npmjs.org/
144 verbose url raw /gulp
145 verbose url resolving [ 'https://registry.npmjs.org/', './gulp' ]
146 verbose url resolved https://registry.npmjs.org/gulp
147 verbose request where is https://registry.npmjs.org/gulp
148 info trying registry request attempt 1 at 20:41:06
149 verbose etag "EXOJG5VFO8XG0ASLDYGOP9Z35"
150 http GET https://registry.npmjs.org/gulp
151 verbose request where is /gulp-rename
152 verbose request registry https://registry.npmjs.org/
153 verbose url raw /gulp-rename
154 verbose url resolving [ 'https://registry.npmjs.org/', './gulp-rename' ]
155 verbose url resolved https://registry.npmjs.org/gulp-rename
156 verbose request where is https://registry.npmjs.org/gulp-rename
157 info trying registry request attempt 1 at 20:41:06
158 verbose etag "98E7BTP82SI7VFBMN1DCYUKQ2"
159 http GET https://registry.npmjs.org/gulp-rename
160 http 304 https://registry.npmjs.org/gulp-util
161 silly registry.get cb [ 304,
161 silly registry.get   { date: 'Wed, 29 Oct 2014 18:41:07 GMT',
161 silly registry.get     server: 'Apache',
161 silly registry.get     via: '1.1 varnish',
161 silly registry.get     'last-modified': 'Wed, 29 Oct 2014 18:41:07 GMT',
161 silly registry.get     'cache-control': 'max-age=60',
161 silly registry.get     etag: '"BWVXNFQOLF7CGGWPCZRULVW24"',
161 silly registry.get     age: '0',
161 silly registry.get     'x-served-by': 'cache-fra1241-FRA',
161 silly registry.get     'x-cache': 'HIT',
161 silly registry.get     'x-cache-hits': '1',
161 silly registry.get     'x-timer': 'S1414608067.476679,VS0,VE104',
161 silly registry.get     vary: 'Accept',
161 silly registry.get     'content-length': '0',
161 silly registry.get     'keep-alive': 'timeout=10, max=50',
161 silly registry.get     connection: 'Keep-Alive' } ]
162 verbose etag https://registry.npmjs.org/gulp-util from cache
163 silly addNameRange number 2 { name: 'gulp-util',
163 silly addNameRange   range: '>=2.2.14-0 <3.0.0-0',
163 silly addNameRange   hasData: true }
164 silly addNameRange versions [ 'gulp-util',
164 silly addNameRange   [ '0.0.1',
164 silly addNameRange     '1.0.0',
164 silly addNameRange     '1.1.0',
164 silly addNameRange     '1.1.1',
164 silly addNameRange     '1.2.0',
164 silly addNameRange     '1.3.0',
164 silly addNameRange     '2.0.0',
164 silly addNameRange     '2.1.1',
164 silly addNameRange     '2.1.2',
164 silly addNameRange     '2.1.3',
164 silly addNameRange     '2.1.4',
164 silly addNameRange     '2.2.0',
164 silly addNameRange     '2.2.1',
164 silly addNameRange     '2.2.2',
164 silly addNameRange     '2.2.3',
164 silly addNameRange     '2.2.5',
164 silly addNameRange     '2.2.6',
164 silly addNameRange     '2.2.7',
164 silly addNameRange     '2.2.8',
164 silly addNameRange     '2.2.9',
164 silly addNameRange     '2.2.10',
164 silly addNameRange     '2.2.11',
164 silly addNameRange     '2.2.12',
164 silly addNameRange     '2.2.13',
164 silly addNameRange     '2.2.14',
164 silly addNameRange     '2.2.15',
164 silly addNameRange     '2.2.16',
164 silly addNameRange     '2.2.17',
164 silly addNameRange     '2.2.18',
164 silly addNameRange     '2.2.19',
164 silly addNameRange     '2.2.20',
164 silly addNameRange     '3.0.0',
164 silly addNameRange     '3.0.1' ] ]
165 verbose addNamed [ 'gulp-util', '2.2.20' ]
166 verbose addNamed [ '2.2.20', '2.2.20' ]
167 silly lockFile 48c194cb-gulp-util-2-2-20 gulp-util@2.2.20
168 verbose lock gulp-util@2.2.20 /Users/Abdullah-Mac/.npm/48c194cb-gulp-util-2-2-20.lock
169 silly lockFile 34166e88-g-gulp-util-gulp-util-2-2-20-tgz https://registry.npmjs.org/gulp-util/-/gulp-util-2.2.20.tgz
170 verbose lock https://registry.npmjs.org/gulp-util/-/gulp-util-2.2.20.tgz /Users/Abdullah-Mac/.npm/34166e88-g-gulp-util-gulp-util-2-2-20-tgz.lock
171 verbose addRemoteTarball [ 'https://registry.npmjs.org/gulp-util/-/gulp-util-2.2.20.tgz',
171 verbose addRemoteTarball   'd7146e5728910bd8f047a6b0b1e549bc22dbd64c' ]
172 info retry fetch attempt 1 at 20:41:08
173 verbose fetch to= /var/folders/jx/sdq4cvns3r3gclph01k_4zxm0000gn/T/npm-1398-XbIwH2Sh/registry.npmjs.org/gulp-util/-/gulp-util-2.2.20.tgz
174 http GET https://registry.npmjs.org/gulp-util/-/gulp-util-2.2.20.tgz
175 http 304 https://registry.npmjs.org/shelljs
176 silly registry.get cb [ 304,
176 silly registry.get   { date: 'Wed, 29 Oct 2014 18:41:07 GMT',
176 silly registry.get     server: 'Apache',
176 silly registry.get     via: '1.1 varnish',
176 silly registry.get     'last-modified': 'Wed, 29 Oct 2014 18:41:07 GMT',
176 silly registry.get     'cache-control': 'max-age=60',
176 silly registry.get     etag: '"A7TEJ5SCS0T97HWFRMQJ8O7R2"',
176 silly registry.get     age: '52',
176 silly registry.get     'x-served-by': 'cache-fra1241-FRA',
176 silly registry.get     'x-cache': 'HIT',
176 silly registry.get     'x-cache-hits': '1',
176 silly registry.get     'x-timer': 'S1414608067.723996,VS0,VE0',
176 silly registry.get     vary: 'Accept',
176 silly registry.get     'content-length': '0',
176 silly registry.get     'keep-alive': 'timeout=10, max=49',
176 silly registry.get     connection: 'Keep-Alive' } ]
177 verbose etag https://registry.npmjs.org/shelljs from cache
178 silly addNameRange number 2 { name: 'shelljs', range: '>=0.3.0-0 <0.4.0-0', hasData: true }
179 silly addNameRange versions [ 'shelljs',
179 silly addNameRange   [ '0.0.1',
179 silly addNameRange     '0.0.2',
179 silly addNameRange     '0.0.3',
179 silly addNameRange     '0.0.4',
179 silly addNameRange     '0.0.5',
179 silly addNameRange     '0.0.6',
179 silly addNameRange     '0.0.7',
179 silly addNameRange     '0.0.8',
179 silly addNameRange     '0.0.9',
179 silly addNameRange     '0.1.0',
179 silly addNameRange     '0.1.1',
179 silly addNameRange     '0.1.2',
179 silly addNameRange     '0.1.3',
179 silly addNameRange     '0.1.4',
179 silly addNameRange     '0.2.0',
179 silly addNameRange     '0.2.1',
179 silly addNameRange     '0.2.2',
179 silly addNameRange     '0.2.3',
179 silly addNameRange     '0.2.4',
179 silly addNameRange     '0.2.5',
179 silly addNameRange     '0.2.6',
179 silly addNameRange     '0.3.0',
179 silly addNameRange     '0.0.1-alpha1',
179 silly addNameRange     '0.0.2-pre1',
179 silly addNameRange     '0.0.4-pre1',
179 silly addNameRange     '0.0.5-pre1',
179 silly addNameRange     '0.0.5-pre2',
179 silly addNameRange     '0.0.5-pre3',
179 silly addNameRange     '0.0.5-pre4',
179 silly addNameRange     '0.0.6-pre1',
179 silly addNameRange     '0.0.6-pre2' ] ]
180 verbose addNamed [ 'shelljs', '0.3.0' ]
181 verbose addNamed [ '0.3.0', '0.3.0' ]
182 silly lockFile 7d3918b1-shelljs-0-3-0 shelljs@0.3.0
183 verbose lock shelljs@0.3.0 /Users/Abdullah-Mac/.npm/7d3918b1-shelljs-0-3-0.lock
184 silly lockFile 7d3918b1-shelljs-0-3-0 shelljs@0.3.0
185 silly lockFile 7d3918b1-shelljs-0-3-0 shelljs@0.3.0
186 silly lockFile 1ddaa962-shelljs-0-3-0 shelljs@^0.3.0
187 silly lockFile 1ddaa962-shelljs-0-3-0 shelljs@^0.3.0
188 http 304 https://registry.npmjs.org/gulp
189 silly registry.get cb [ 304,
189 silly registry.get   { date: 'Wed, 29 Oct 2014 18:41:07 GMT',
189 silly registry.get     server: 'Apache',
189 silly registry.get     via: '1.1 varnish',
189 silly registry.get     'last-modified': 'Wed, 29 Oct 2014 18:41:07 GMT',
189 silly registry.get     'cache-control': 'max-age=60',
189 silly registry.get     etag: '"EXOJG5VFO8XG0ASLDYGOP9Z35"',
189 silly registry.get     age: '36',
189 silly registry.get     'x-served-by': 'cache-fra1241-FRA',
189 silly registry.get     'x-cache': 'HIT',
189 silly registry.get     'x-cache-hits': '1',
189 silly registry.get     'x-timer': 'S1414608067.915763,VS0,VE0',
189 silly registry.get     vary: 'Accept',
189 silly registry.get     'content-length': '0',
189 silly registry.get     'keep-alive': 'timeout=10, max=48',
189 silly registry.get     connection: 'Keep-Alive' } ]
190 verbose etag https://registry.npmjs.org/gulp from cache
191 silly addNameRange number 2 { name: 'gulp', range: '>=3.5.6-0 <4.0.0-0', hasData: true }
192 silly addNameRange versions [ 'gulp',
192 silly addNameRange   [ '0.0.1',
192 silly addNameRange     '0.0.2',
192 silly addNameRange     '0.0.3',
192 silly addNameRange     '0.0.4',
192 silly addNameRange     '0.0.5',
192 silly addNameRange     '0.0.7',
192 silly addNameRange     '0.0.8',
192 silly addNameRange     '0.0.9',
192 silly addNameRange     '0.1.0',
192 silly addNameRange     '0.2.0',
192 silly addNameRange     '1.0.0',
192 silly addNameRange     '1.1.0',
192 silly addNameRange     '1.2.0',
192 silly addNameRange     '1.2.1',
192 silly addNameRange     '2.0.0',
192 silly addNameRange     '2.0.1',
192 silly addNameRange     '2.1.0',
192 silly addNameRange     '2.2.0',
192 silly addNameRange     '2.3.0',
192 silly addNameRange     '2.4.0',
192 silly addNameRange     '2.4.1',
192 silly addNameRange     '2.6.0',
192 silly addNameRange     '2.6.1',
192 silly addNameRange     '2.7.0',
192 silly addNameRange     '3.0.0',
192 silly addNameRange     '3.1.1',
192 silly addNameRange     '3.1.2',
192 silly addNameRange     '3.1.3',
192 silly addNameRange     '3.1.4',
192 silly addNameRange     '3.2.0',
192 silly addNameRange     '3.2.1',
192 silly addNameRange     '3.2.2',
192 silly addNameRange     '3.2.3',
192 silly addNameRange     '3.2.4',
192 silly addNameRange     '3.2.5',
192 silly addNameRange     '3.3.0',
192 silly addNameRange     '3.3.1',
192 silly addNameRange     '3.3.2',
192 silly addNameRange     '3.3.4',
192 silly addNameRange     '3.4.0',
192 silly addNameRange     '3.5.0',
192 silly addNameRange     '3.5.1',
192 silly addNameRange     '3.5.2',
192 silly addNameRange     '3.5.5',
192 silly addNameRange     '3.5.6',
192 silly addNameRange     '3.6.0',
192 silly addNameRange     '3.6.1',
192 silly addNameRange     '3.6.2',
192 silly addNameRange     '3.7.0',
192 silly addNameRange     '3.8.0',
192 silly addNameRange     '3.8.1',
192 silly addNameRange     '3.8.2',
192 silly addNameRange     '3.8.3',
192 silly addNameRange     '3.8.4',
192 silly addNameRange     '3.8.5',
192 silly addNameRange     '3.8.6',
192 silly addNameRange     '3.8.7',
192 silly addNameRange     '3.8.8',
192 silly addNameRange     '3.8.9' ] ]
193 verbose addNamed [ 'gulp', '3.8.9' ]
194 verbose addNamed [ '3.8.9', '3.8.9' ]
195 silly lockFile 8cc6e613-gulp-3-8-9 gulp@3.8.9
196 verbose lock gulp@3.8.9 /Users/Abdullah-Mac/.npm/8cc6e613-gulp-3-8-9.lock
197 silly lockFile 8cc6e613-gulp-3-8-9 gulp@3.8.9
198 silly lockFile 8cc6e613-gulp-3-8-9 gulp@3.8.9
199 silly lockFile 28ac0b1b-gulp-3-5-6 gulp@^3.5.6
200 silly lockFile 28ac0b1b-gulp-3-5-6 gulp@^3.5.6
201 http 200 https://registry.npmjs.org/bower
202 silly registry.get cb [ 200,
202 silly registry.get   { date: 'Wed, 29 Oct 2014 18:41:07 GMT',
202 silly registry.get     server: 'CouchDB/1.5.0 (Erlang OTP/R16B03)',
202 silly registry.get     etag: '"CEMR1HQYCLE8N4O2HHP7EN0EZ"',
202 silly registry.get     'content-type': 'application/json',
202 silly registry.get     'cache-control': 'max-age=60',
202 silly registry.get     'content-length': '105358',
202 silly registry.get     'accept-ranges': 'bytes',
202 silly registry.get     via: '1.1 varnish',
202 silly registry.get     age: '9',
202 silly registry.get     'x-served-by': 'cache-fra1239-FRA',
202 silly registry.get     'x-cache': 'HIT',
202 silly registry.get     'x-cache-hits': '1',
202 silly registry.get     'x-timer': 'S1414608067.414820,VS0,VE0',
202 silly registry.get     vary: 'Accept',
202 silly registry.get     'keep-alive': 'timeout=10, max=50',
202 silly registry.get     connection: 'Keep-Alive' } ]
203 http 200 https://registry.npmjs.org/gulp-util/-/gulp-util-2.2.20.tgz
204 http 200 https://registry.npmjs.org/gulp-minify-css
205 silly registry.get cb [ 200,
205 silly registry.get   { date: 'Wed, 29 Oct 2014 18:41:07 GMT',
205 silly registry.get     server: 'CouchDB/1.5.0 (Erlang OTP/R16B03)',
205 silly registry.get     etag: '"4BS6WR51029LCEHF8JHW1I7RR"',
205 silly registry.get     'content-type': 'application/json',
205 silly registry.get     'cache-control': 'max-age=60',
205 silly registry.get     'content-length': '21898',
205 silly registry.get     'accept-ranges': 'bytes',
205 silly registry.get     via: '1.1 varnish',
205 silly registry.get     age: '0',
205 silly registry.get     'x-served-by': 'cache-fra1237-FRA',
205 silly registry.get     'x-cache': 'HIT',
205 silly registry.get     'x-cache-hits': '1',
205 silly registry.get     'x-timer': 'S1414608067.495082,VS0,VE426',
205 silly registry.get     vary: 'Accept',
205 silly registry.get     'keep-alive': 'timeout=10, max=50',
205 silly registry.get     connection: 'Keep-Alive' } ]
206 silly addNameRange number 2 { name: 'bower', range: '>=1.3.3-0 <2.0.0-0', hasData: true }
207 silly addNameRange versions [ 'bower',
207 silly addNameRange   [ '0.1.0',
207 silly addNameRange     '0.1.2',
207 silly addNameRange     '0.1.3',
207 silly addNameRange     '0.2.0',
207 silly addNameRange     '0.3.0',
207 silly addNameRange     '0.3.1',
207 silly addNameRange     '0.3.2',
207 silly addNameRange     '0.4.0',
207 silly addNameRange     '0.5.0',
207 silly addNameRange     '0.5.1',
207 silly addNameRange     '0.6.0',
207 silly addNameRange     '0.6.1',
207 silly addNameRange     '0.6.2',
207 silly addNameRange     '0.6.3',
207 silly addNameRange     '0.6.4',
207 silly addNameRange     '0.6.5',
207 silly addNameRange     '0.6.6',
207 silly addNameRange     '0.6.7',
207 silly addNameRange     '0.6.8',
207 silly addNameRange     '0.7.0',
207 silly addNameRange     '0.7.1',
207 silly addNameRange     '0.8.0',
207 silly addNameRange     '0.8.1',
207 silly addNameRange     '0.8.2',
207 silly addNameRange     '0.8.3',
207 silly addNameRange     '0.8.4',
207 silly addNameRange     '0.8.5',
207 silly addNameRange     '0.8.6',
207 silly addNameRange     '0.9.0',
207 silly addNameRange     '0.9.1',
207 silly addNameRange     '0.9.2',
207 silly addNameRange     '0.10.0',
207 silly addNameRange     '1.0.0',
207 silly addNameRange     '1.0.1',
207 silly addNameRange     '1.0.2',
207 silly addNameRange     '1.0.3',
207 silly addNameRange     '1.1.0',
207 silly addNameRange     '1.1.1',
207 silly addNameRange     '1.1.2',
207 silly addNameRange     '1.2.0',
207 silly addNameRange     '1.2.1',
207 silly addNameRange     '1.2.2',
207 silly addNameRange     '1.2.3',
207 silly addNameRange     '1.2.4',
207 silly addNameRange     '1.2.5',
207 silly addNameRange     '1.2.6',
207 silly addNameRange     '1.2.7',
207 silly addNameRange     '1.2.8',
207 silly addNameRange     '1.3.0',
207 silly addNameRange     '1.3.1',
207 silly addNameRange     '1.3.2',
207 silly addNameRange     '1.3.3',
207 silly addNameRange     '1.3.4',
207 silly addNameRange     '1.3.5',
207 silly addNameRange     '1.3.6',
207 silly addNameRange     '1.3.7',
207 silly addNameRange     '1.3.8',
207 silly addNameRange     '1.3.9',
207 silly addNameRange     '1.3.10',
207 silly addNameRange     '1.3.11',
207 silly addNameRange     '1.3.12' ] ]
208 verbose addNamed [ 'bower', '1.3.12' ]
209 verbose addNamed [ '1.3.12', '1.3.12' ]
210 silly lockFile 9819431c-bower-1-3-12 bower@1.3.12
211 verbose lock bower@1.3.12 /Users/Abdullah-Mac/.npm/9819431c-bower-1-3-12.lock
212 silly lockFile 34166e88-g-gulp-util-gulp-util-2-2-20-tgz https://registry.npmjs.org/gulp-util/-/gulp-util-2.2.20.tgz
213 silly lockFile 34166e88-g-gulp-util-gulp-util-2-2-20-tgz https://registry.npmjs.org/gulp-util/-/gulp-util-2.2.20.tgz
214 silly lockFile 48c194cb-gulp-util-2-2-20 gulp-util@2.2.20
215 silly lockFile 48c194cb-gulp-util-2-2-20 gulp-util@2.2.20
216 silly lockFile e3e5f16b-gulp-util-2-2-14 gulp-util@^2.2.14
217 silly lockFile e3e5f16b-gulp-util-2-2-14 gulp-util@^2.2.14
218 silly addNameRange number 2 { name: 'gulp-minify-css',
218 silly addNameRange   range: '>=0.3.0-0 <0.4.0-0',
218 silly addNameRange   hasData: true }
219 silly addNameRange versions [ 'gulp-minify-css',
219 silly addNameRange   [ '0.0.1',
219 silly addNameRange     '0.1.0',
219 silly addNameRange     '0.2.0',
219 silly addNameRange     '0.3.0',
219 silly addNameRange     '0.3.1',
219 silly addNameRange     '0.3.2',
219 silly addNameRange     '0.3.3',
219 silly addNameRange     '0.3.4',
219 silly addNameRange     '0.3.5',
219 silly addNameRange     '0.3.6',
219 silly addNameRange     '0.3.7',
219 silly addNameRange     '0.3.8',
219 silly addNameRange     '0.3.9',
219 silly addNameRange     '0.3.10',
219 silly addNameRange     '0.3.11' ] ]
220 verbose addNamed [ 'gulp-minify-css', '0.3.11' ]
221 verbose addNamed [ '0.3.11', '0.3.11' ]
222 silly lockFile 45873031-gulp-minify-css-0-3-11 gulp-minify-css@0.3.11
223 verbose lock gulp-minify-css@0.3.11 /Users/Abdullah-Mac/.npm/45873031-gulp-minify-css-0-3-11.lock
224 silly lockFile ae01cb9a-y-css-gulp-minify-css-0-3-11-tgz https://registry.npmjs.org/gulp-minify-css/-/gulp-minify-css-0.3.11.tgz
225 verbose lock https://registry.npmjs.org/gulp-minify-css/-/gulp-minify-css-0.3.11.tgz /Users/Abdullah-Mac/.npm/ae01cb9a-y-css-gulp-minify-css-0-3-11-tgz.lock
226 verbose addRemoteTarball [ 'https://registry.npmjs.org/gulp-minify-css/-/gulp-minify-css-0.3.11.tgz',
226 verbose addRemoteTarball   'e2133aaacb09e8ac439e2e398483cde35e323b76' ]
227 info retry fetch attempt 1 at 20:41:09
228 verbose fetch to= /var/folders/jx/sdq4cvns3r3gclph01k_4zxm0000gn/T/npm-1398-XbIwH2Sh/registry.npmjs.org/gulp-minify-css/-/gulp-minify-css-0.3.11.tgz
229 http GET https://registry.npmjs.org/gulp-minify-css/-/gulp-minify-css-0.3.11.tgz
230 http 200 https://registry.npmjs.org/gulp-concat
231 silly registry.get cb [ 200,
231 silly registry.get   { date: 'Wed, 29 Oct 2014 18:41:07 GMT',
231 silly registry.get     server: 'CouchDB/1.5.0 (Erlang OTP/R14B04)',
231 silly registry.get     etag: '"D9JDG4LO6QFW9FVKR3NN2GYJZ"',
231 silly registry.get     'content-type': 'application/json',
231 silly registry.get     'cache-control': 'max-age=60',
231 silly registry.get     'content-length': '27119',
231 silly registry.get     'accept-ranges': 'bytes',
231 silly registry.get     via: '1.1 varnish',
231 silly registry.get     age: '0',
231 silly registry.get     'x-served-by': 'cache-fra1223-FRA',
231 silly registry.get     'x-cache': 'HIT',
231 silly registry.get     'x-cache-hits': '1',
231 silly registry.get     'x-timer': 'S1414608067.484147,VS0,VE418',
231 silly registry.get     vary: 'Accept',
231 silly registry.get     'keep-alive': 'timeout=10, max=50',
231 silly registry.get     connection: 'Keep-Alive' } ]
232 silly addNameRange number 2 { name: 'gulp-concat',
232 silly addNameRange   range: '>=2.2.0-0 <3.0.0-0',
232 silly addNameRange   hasData: true }
233 silly addNameRange versions [ 'gulp-concat',
233 silly addNameRange   [ '0.0.1',
233 silly addNameRange     '1.0.0',
233 silly addNameRange     '1.1.0',
233 silly addNameRange     '2.0.0',
233 silly addNameRange     '2.1.0',
233 silly addNameRange     '2.1.1',
233 silly addNameRange     '2.1.2',
233 silly addNameRange     '2.1.3',
233 silly addNameRange     '2.1.4',
233 silly addNameRange     '2.1.5',
233 silly addNameRange     '2.1.6',
233 silly addNameRange     '2.1.7',
233 silly addNameRange     '2.2.0',
233 silly addNameRange     '2.3.0',
233 silly addNameRange     '2.3.3',
233 silly addNameRange     '2.3.4',
233 silly addNameRange     '2.3.5',
233 silly addNameRange     '2.4.0',
233 silly addNameRange     '2.4.1' ] ]
234 verbose addNamed [ 'gulp-concat', '2.4.1' ]
235 verbose addNamed [ '2.4.1', '2.4.1' ]
236 silly lockFile 248ae42e-gulp-concat-2-4-1 gulp-concat@2.4.1
237 verbose lock gulp-concat@2.4.1 /Users/Abdullah-Mac/.npm/248ae42e-gulp-concat-2-4-1.lock
238 http 200 https://registry.npmjs.org/gulp-sass
239 silly registry.get cb [ 200,
239 silly registry.get   { date: 'Wed, 29 Oct 2014 18:41:07 GMT',
239 silly registry.get     server: 'CouchDB/1.5.0 (Erlang OTP/R16B03)',
239 silly registry.get     etag: '"17FYPITXGNNUA27PGSRK2U8ZK"',
239 silly registry.get     'content-type': 'application/json',
239 silly registry.get     'cache-control': 'max-age=60',
239 silly registry.get     'content-length': '24440',
239 silly registry.get     'accept-ranges': 'bytes',
239 silly registry.get     via: '1.1 varnish',
239 silly registry.get     age: '0',
239 silly registry.get     'x-served-by': 'cache-fra1237-FRA',
239 silly registry.get     'x-cache': 'HIT',
239 silly registry.get     'x-cache-hits': '1',
239 silly registry.get     'x-timer': 'S1414608067.504453,VS0,VE423',
239 silly registry.get     vary: 'Accept',
239 silly registry.get     'keep-alive': 'timeout=10, max=50',
239 silly registry.get     connection: 'Keep-Alive' } ]
240 silly lockFile 86ce1ad4-ulp-concat-gulp-concat-2-4-1-tgz https://registry.npmjs.org/gulp-concat/-/gulp-concat-2.4.1.tgz
241 verbose lock https://registry.npmjs.org/gulp-concat/-/gulp-concat-2.4.1.tgz /Users/Abdullah-Mac/.npm/86ce1ad4-ulp-concat-gulp-concat-2-4-1-tgz.lock
242 verbose addRemoteTarball [ 'https://registry.npmjs.org/gulp-concat/-/gulp-concat-2.4.1.tgz',
242 verbose addRemoteTarball   '3097eb348a306708f400cf86cfb7d03ca5a55c94' ]
243 info retry fetch attempt 1 at 20:41:09
244 verbose fetch to= /var/folders/jx/sdq4cvns3r3gclph01k_4zxm0000gn/T/npm-1398-XbIwH2Sh/registry.npmjs.org/gulp-concat/-/gulp-concat-2.4.1.tgz
245 silly addNameRange number 2 { name: 'gulp-sass', range: '>=0.7.1-0 <0.8.0-0', hasData: true }
246 silly addNameRange versions [ 'gulp-sass',
246 silly addNameRange   [ '0.1.0',
246 silly addNameRange     '0.2.1',
246 silly addNameRange     '0.2.2',
246 silly addNameRange     '0.2.3',
246 silly addNameRange     '0.3.0',
246 silly addNameRange     '0.4.0',
246 silly addNameRange     '0.4.1',
246 silly addNameRange     '0.5.0',
246 silly addNameRange     '0.5.1',
246 silly addNameRange     '0.5.2',
246 silly addNameRange     '0.6.0',
246 silly addNameRange     '0.7.0',
246 silly addNameRange     '0.7.1',
246 silly addNameRange     '0.7.2',
246 silly addNameRange     '0.7.3',
246 silly addNameRange     '1.0.0',
246 silly addNameRange     '1.1.0',
246 silly addNameRange     '1.2.0',
246 silly addNameRange     '1.2.1',
246 silly addNameRange     '1.2.2' ] ]
247 verbose addNamed [ 'gulp-sass', '0.7.3' ]
248 verbose addNamed [ '0.7.3', '0.7.3' ]
249 silly lockFile 721f0c96-gulp-sass-0-7-3 gulp-sass@0.7.3
250 verbose lock gulp-sass@0.7.3 /Users/Abdullah-Mac/.npm/721f0c96-gulp-sass-0-7-3.lock
251 http GET https://registry.npmjs.org/gulp-concat/-/gulp-concat-2.4.1.tgz
252 silly lockFile 9819431c-bower-1-3-12 bower@1.3.12
253 silly lockFile 9819431c-bower-1-3-12 bower@1.3.12
254 silly lockFile d66f14f4-rg-gulp-sass-gulp-sass-0-7-3-tgz https://registry.npmjs.org/gulp-sass/-/gulp-sass-0.7.3.tgz
255 verbose lock https://registry.npmjs.org/gulp-sass/-/gulp-sass-0.7.3.tgz /Users/Abdullah-Mac/.npm/d66f14f4-rg-gulp-sass-gulp-sass-0-7-3-tgz.lock
256 silly lockFile 0aa5c27e-bower-1-3-3 bower@^1.3.3
257 silly lockFile 0aa5c27e-bower-1-3-3 bower@^1.3.3
258 verbose addRemoteTarball [ 'https://registry.npmjs.org/gulp-sass/-/gulp-sass-0.7.3.tgz',
258 verbose addRemoteTarball   '4bfbb4e4d95a40be8beeebe07e8e477e7f7a2edc' ]
259 info retry fetch attempt 1 at 20:41:09
260 verbose fetch to= /var/folders/jx/sdq4cvns3r3gclph01k_4zxm0000gn/T/npm-1398-XbIwH2Sh/registry.npmjs.org/gulp-sass/-/gulp-sass-0.7.3.tgz
261 http GET https://registry.npmjs.org/gulp-sass/-/gulp-sass-0.7.3.tgz
262 http 200 https://registry.npmjs.org/gulp-minify-css/-/gulp-minify-css-0.3.11.tgz
263 http 200 https://registry.npmjs.org/gulp-rename
264 silly registry.get cb [ 200,
264 silly registry.get   { date: 'Wed, 29 Oct 2014 18:41:08 GMT',
264 silly registry.get     server: 'CouchDB/1.5.0 (Erlang OTP/R16B03)',
264 silly registry.get     etag: '"1KXRZZ0GNDRK17WI7E9T3G4L4"',
264 silly registry.get     'content-type': 'application/json',
264 silly registry.get     'cache-control': 'max-age=60',
264 silly registry.get     'content-length': '9777',
264 silly registry.get     'accept-ranges': 'bytes',
264 silly registry.get     via: '1.1 varnish',
264 silly registry.get     age: '0',
264 silly registry.get     'x-served-by': 'cache-fra1241-FRA',
264 silly registry.get     'x-cache': 'HIT',
264 silly registry.get     'x-cache-hits': '1',
264 silly registry.get     'x-timer': 'S1414608068.176309,VS0,VE706',
264 silly registry.get     vary: 'Accept',
264 silly registry.get     'keep-alive': 'timeout=10, max=47',
264 silly registry.get     connection: 'Keep-Alive' } ]
265 silly addNameRange number 2 { name: 'gulp-rename',
265 silly addNameRange   range: '>=1.2.0-0 <2.0.0-0',
265 silly addNameRange   hasData: true }
266 silly addNameRange versions [ 'gulp-rename',
266 silly addNameRange   [ '0.1.0', '0.2.1', '0.2.2', '1.0.0', '1.1.0', '1.2.0' ] ]
267 verbose addNamed [ 'gulp-rename', '1.2.0' ]
268 verbose addNamed [ '1.2.0', '1.2.0' ]
269 silly lockFile 5981c611-gulp-rename-1-2-0 gulp-rename@1.2.0
270 verbose lock gulp-rename@1.2.0 /Users/Abdullah-Mac/.npm/5981c611-gulp-rename-1-2-0.lock
271 silly lockFile ae01cb9a-y-css-gulp-minify-css-0-3-11-tgz https://registry.npmjs.org/gulp-minify-css/-/gulp-minify-css-0.3.11.tgz
272 silly lockFile ae01cb9a-y-css-gulp-minify-css-0-3-11-tgz https://registry.npmjs.org/gulp-minify-css/-/gulp-minify-css-0.3.11.tgz
273 silly lockFile 45873031-gulp-minify-css-0-3-11 gulp-minify-css@0.3.11
274 silly lockFile 45873031-gulp-minify-css-0-3-11 gulp-minify-css@0.3.11
275 silly lockFile 97140670-gulp-minify-css-0-3-0 gulp-minify-css@^0.3.0
276 silly lockFile 97140670-gulp-minify-css-0-3-0 gulp-minify-css@^0.3.0
277 http 200 https://registry.npmjs.org/gulp-sass/-/gulp-sass-0.7.3.tgz
278 silly lockFile 5981c611-gulp-rename-1-2-0 gulp-rename@1.2.0
279 silly lockFile 5981c611-gulp-rename-1-2-0 gulp-rename@1.2.0
280 http 200 https://registry.npmjs.org/gulp-concat/-/gulp-concat-2.4.1.tgz
281 silly lockFile 31cef36d-gulp-rename-1-2-0 gulp-rename@^1.2.0
282 silly lockFile 31cef36d-gulp-rename-1-2-0 gulp-rename@^1.2.0
283 silly lockFile d66f14f4-rg-gulp-sass-gulp-sass-0-7-3-tgz https://registry.npmjs.org/gulp-sass/-/gulp-sass-0.7.3.tgz
284 silly lockFile d66f14f4-rg-gulp-sass-gulp-sass-0-7-3-tgz https://registry.npmjs.org/gulp-sass/-/gulp-sass-0.7.3.tgz
285 silly lockFile 721f0c96-gulp-sass-0-7-3 gulp-sass@0.7.3
286 silly lockFile 721f0c96-gulp-sass-0-7-3 gulp-sass@0.7.3
287 silly lockFile 77100620-gulp-sass-0-7-1 gulp-sass@^0.7.1
288 silly lockFile 77100620-gulp-sass-0-7-1 gulp-sass@^0.7.1
289 silly lockFile 86ce1ad4-ulp-concat-gulp-concat-2-4-1-tgz https://registry.npmjs.org/gulp-concat/-/gulp-concat-2.4.1.tgz
290 silly lockFile 86ce1ad4-ulp-concat-gulp-concat-2-4-1-tgz https://registry.npmjs.org/gulp-concat/-/gulp-concat-2.4.1.tgz
291 silly lockFile 248ae42e-gulp-concat-2-4-1 gulp-concat@2.4.1
292 silly lockFile 248ae42e-gulp-concat-2-4-1 gulp-concat@2.4.1
293 silly lockFile bade1119-gulp-concat-2-2-0 gulp-concat@^2.2.0
294 silly lockFile bade1119-gulp-concat-2-2-0 gulp-concat@^2.2.0
295 error Error: EACCES, mkdir '/Users/Abdullah-Mac/.npm/gulp-util/2.2.20'
295 error  { [Error: EACCES, mkdir '/Users/Abdullah-Mac/.npm/gulp-util/2.2.20']
295 error   errno: 3,
295 error   code: 'EACCES',
295 error   path: '/Users/Abdullah-Mac/.npm/gulp-util/2.2.20',
295 error   parent: 'evernote-voice' }
296 error Please try running this command again as root/Administrator.
297 error System Darwin 13.4.0
298 error command "node" "/usr/local/bin/npm" "install"
299 error cwd /Users/Abdullah-Mac/blocprojects/evernote
300 error node -v v0.10.32
301 error npm -v 1.4.28
302 error path /Users/Abdullah-Mac/.npm/gulp-util/2.2.20
303 error code EACCES
304 error errno 3
305 error stack Error: EACCES, mkdir '/Users/Abdullah-Mac/.npm/gulp-util/2.2.20'
306 verbose exit [ 3, true ]
